c:\users\gonçalo\source\repos\atad_projectv2final\atad_projectv2\debug\vc141.pdb
c:\users\gonçalo\source\repos\atad_projectv2final\atad_projectv2\debug\vc141.idb
c:\users\gonçalo\source\repos\atad_projectv2final\atad_projectv2\debug\program.obj
c:\users\gonçalo\source\repos\atad_projectv2final\atad_projectv2\debug\player.obj
c:\users\gonçalo\source\repos\atad_projectv2final\atad_projectv2\debug\mapelem.obj
c:\users\gonçalo\source\repos\atad_projectv2final\atad_projectv2\debug\maparraylist.obj
c:\users\gonçalo\source\repos\atad_projectv2final\atad_projectv2\debug\main.obj
c:\users\gonçalo\source\repos\atad_projectv2final\atad_projectv2\debug\listelem.obj
c:\users\gonçalo\source\repos\atad_projectv2final\atad_projectv2\debug\listarraylist.obj
c:\users\gonçalo\source\repos\atad_projectv2final\atad_projectv2\debug\cluster.obj
c:\users\gonçalo\source\repos\atad_projectv2final\atad_projectv2\debug\checktype.obj
c:\users\gonçalo\source\repos\atad_projectv2final\debug\atad_projectv2.exe
c:\users\gonçalo\source\repos\atad_projectv2final\debug\atad_projectv2.ilk
c:\users\gonçalo\source\repos\atad_projectv2final\debug\atad_projectv2.pdb
c:\users\gonçalo\source\repos\atad_projectv2final\atad_projectv2\debug\atad_projectv2.tlog\cl.command.1.tlog
c:\users\gonçalo\source\repos\atad_projectv2final\atad_projectv2\debug\atad_projectv2.tlog\cl.read.1.tlog
c:\users\gonçalo\source\repos\atad_projectv2final\atad_projectv2\debug\atad_projectv2.tlog\cl.write.1.tlog
c:\users\gonçalo\source\repos\atad_projectv2final\atad_projectv2\debug\atad_projectv2.tlog\link.command.1.tlog
c:\users\gonçalo\source\repos\atad_projectv2final\atad_projectv2\debug\atad_projectv2.tlog\link.read.1.tlog
c:\users\gonçalo\source\repos\atad_projectv2final\atad_projectv2\debug\atad_projectv2.tlog\link.write.1.tlog
